# JRE version: Java(TM) SE Runtime Environment (8.0_25-b17) (build 1.8.0_25-b17)
# Java VM: Java HotSpot(TM) 64-Bit Server VM (25.25-b02 mixed mode linux-amd64 compressed oops)
Heap:
 PSYoungGen      total 116736K, used 1194K [0x00000000f5580000, 0x0000000100000000, 0x0000000100000000)
  eden space 58880K, 0% used [0x00000000f5580000,0x00000000f5580000,0x00000000f8f00000)
  from space 57856K, 2% used [0x00000000fc780000,0x00000000fc8aabf8,0x0000000100000000)
  to   space 57856K, 0% used [0x00000000f8f00000,0x00000000f8f00000,0x00000000fc780000)
 ParOldGen       total 244736K, used 244311K [0x00000000e0000000, 0x00000000eef00000, 0x00000000f5580000)
  object space 244736K, 99% used [0x00000000e0000000,0x00000000eee95f58,0x00000000eef00000)
 Metaspace       used 14171K, capacity 14272K, committed 14336K, reserved 1062912K
  class space    used 1239K, capacity 1272K, committed 1280K, reserved 1048576K
GC Heap History (10 events):
Event: 21,485 GC heap after
Heap after GC invocations=22 (full 3):
 PSYoungGen      total 116736K, used 41469K [0x00000000f5580000, 0x0000000100000000, 0x0000000100000000)
  eden space 58880K, 0% used [0x00000000f5580000,0x00000000f5580000,0x00000000f8f00000)
  from space 57856K, 71% used [0x00000000f8f00000,0x00000000fb77f678,0x00000000fc780000)
  to   space 57856K, 0% used [0x00000000fc780000,0x00000000fc780000,0x0000000100000000)
 ParOldGen       total 172032K, used 159553K [0x00000000e0000000, 0x00000000ea800000, 0x00000000f5580000)
  object space 172032K, 92% used [0x00000000e0000000,0x00000000e9bd06a8,0x00000000ea800000)
 Metaspace       used 14078K, capacity 14208K, committed 14336K, reserved 1062912K
  class space    used 1238K, capacity 1272K, committed 1280K, reserved 1048576K
}
Event: 21,485 GC heap before
{Heap before GC invocations=23 (full 4):
 PSYoungGen      total 116736K, used 41469K [0x00000000f5580000, 0x0000000100000000, 0x0000000100000000)
  eden space 58880K, 0% used [0x00000000f5580000,0x00000000f5580000,0x00000000f8f00000)
  from space 57856K, 71% used [0x00000000f8f00000,0x00000000fb77f678,0x00000000fc780000)
  to   space 57856K, 0% used [0x00000000fc780000,0x00000000fc780000,0x0000000100000000)
 ParOldGen       total 172032K, used 159553K [0x00000000e0000000, 0x00000000ea800000, 0x00000000f5580000)
  object space 172032K, 92% used [0x00000000e0000000,0x00000000e9bd06a8,0x00000000ea800000)
 Metaspace       used 14078K, capacity 14208K, committed 14336K, reserved 1062912K
  class space    used 1238K, capacity 1272K, committed 1280K, reserved 1048576K
Event: 22,827 GC heap after
Heap after GC invocations=23 (full 4):
 PSYoungGen      total 116736K, used 23306K [0x00000000f5580000, 0x0000000100000000, 0x0000000100000000)
  eden space 58880K, 0% used [0x00000000f5580000,0x00000000f5580000,0x00000000f8f00000)
  from space 57856K, 40% used [0x00000000f8f00000,0x00000000fa5c2bd0,0x00000000fc780000)
  to   space 57856K, 0% used [0x00000000fc780000,0x00000000fc780000,0x0000000100000000)
 ParOldGen       total 244736K, used 171716K [0x00000000e0000000, 0x00000000eef00000, 0x00000000f5580000)
  object space 244736K, 70% used [0x00000000e0000000,0x00000000ea7b13b8,0x00000000eef00000)
 Metaspace       used 14078K, capacity 14208K, committed 14336K, reserved 1062912K
  class space    used 1238K, capacity 1272K, committed 1280K, reserved 1048576K
}
Event: 23,469 GC heap before
{Heap before GC invocations=24 (full 4):
 PSYoungGen      total 116736K, used 82186K [0x00000000f5580000, 0x0000000100000000, 0x0000000100000000)
  eden space 58880K, 100% used [0x00000000f5580000,0x00000000f8f00000,0x00000000f8f00000)
  from space 57856K, 40% used [0x00000000f8f00000,0x00000000fa5c2bd0,0x00000000fc780000)
  to   space 57856K, 0% used [0x00000000fc780000,0x00000000fc780000,0x0000000100000000)
 ParOldGen       total 244736K, used 171716K [0x00000000e0000000, 0x00000000eef00000, 0x00000000f5580000)
  object space 244736K, 70% used [0x00000000e0000000,0x00000000ea7b13b8,0x00000000eef00000)
 Metaspace       used 14112K, capacity 14208K, committed 14336K, reserved 1062912K
  class space    used 1238K, capacity 1272K, committed 1280K, reserved 1048576K
Event: 23,669 GC heap after
Heap after GC invocations=24 (full 4):
 PSYoungGen      total 116736K, used 19829K [0x00000000f5580000, 0x0000000100000000, 0x0000000100000000)
  eden space 58880K, 0% used [0x00000000f5580000,0x00000000f5580000,0x00000000f8f00000)
  from space 57856K, 34% used [0x00000000fc780000,0x00000000fdadd570,0x0000000100000000)
  to   space 57856K, 0% used [0x00000000f8f00000,0x00000000f8f00000,0x00000000fc780000)
 ParOldGen       total 244736K, used 192909K [0x00000000e0000000, 0x00000000eef00000, 0x00000000f5580000)
  object space 244736K, 78% used [0x00000000e0000000,0x00000000ebc63718,0x00000000eef00000)
 Metaspace       used 14112K, capacity 14208K, committed 14336K, reserved 1062912K
  class space    used 1238K, capacity 1272K, committed 1280K, reserved 1048576K
}
Event: 24,508 GC heap before
{Heap before GC invocations=25 (full 4):
 PSYoungGen      total 116736K, used 78707K [0x00000000f5580000, 0x0000000100000000, 0x0000000100000000)
  eden space 58880K, 99% used [0x00000000f5580000,0x00000000f8eff6f0,0x00000000f8f00000)
  from space 57856K, 34% used [0x00000000fc780000,0x00000000fdadd570,0x0000000100000000)
  to   space 57856K, 0% used [0x00000000f8f00000,0x00000000f8f00000,0x00000000fc780000)
 ParOldGen       total 244736K, used 192909K [0x00000000e0000000, 0x00000000eef00000, 0x00000000f5580000)
  object space 244736K, 78% used [0x00000000e0000000,0x00000000ebc63718,0x00000000eef00000)
 Metaspace       used 14165K, capacity 14272K, committed 14336K, reserved 1062912K
  class space    used 1239K, capacity 1272K, committed 1280K, reserved 1048576K
Event: 24,580 GC heap after
Heap after GC invocations=25 (full 4):
 PSYoungGen      total 116736K, used 19738K [0x00000000f5580000, 0x0000000100000000, 0x0000000100000000)
  eden space 58880K, 0% used [0x00000000f5580000,0x00000000f5580000,0x00000000f8f00000)
  from space 57856K, 34% used [0x00000000f8f00000,0x00000000fa246ae0,0x00000000fc780000)
  to   space 57856K, 0% used [0x00000000fc780000,0x00000000fc780000,0x0000000100000000)
 ParOldGen       total 244736K, used 214101K [0x00000000e0000000, 0x00000000eef00000, 0x00000000f5580000)
  object space 244736K, 87% used [0x00000000e0000000,0x00000000ed115528,0x00000000eef00000)
 Metaspace       used 14165K, capacity 14272K, committed 14336K, reserved 1062912K
  class space    used 1239K, capacity 1272K, committed 1280K, reserved 1048576K
}
Event: 25,279 GC heap before
{Heap before GC invocations=26 (full 4):
 PSYoungGen      total 116736K, used 78618K [0x00000000f5580000, 0x0000000100000000, 0x0000000100000000)
  eden space 58880K, 100% used [0x00000000f5580000,0x00000000f8f00000,0x00000000f8f00000)
  from space 57856K, 34% used [0x00000000f8f00000,0x00000000fa246ae0,0x00000000fc780000)
  to   space 57856K, 0% used [0x00000000fc780000,0x00000000fc780000,0x0000000100000000)
 ParOldGen       total 244736K, used 214101K [0x00000000e0000000, 0x00000000eef00000, 0x00000000f5580000)
  object space 244736K, 87% used [0x00000000e0000000,0x00000000ed115528,0x00000000eef00000)
 Metaspace       used 14171K, capacity 14272K, committed 14336K, reserved 1062912K
  class space    used 1239K, capacity 1272K, committed 1280K, reserved 1048576K
Event: 25,453 GC heap after
Heap after GC invocations=26 (full 4):
 PSYoungGen      total 116736K, used 17688K [0x00000000f5580000, 0x0000000100000000, 0x0000000100000000)
  eden space 58880K, 0% used [0x00000000f5580000,0x00000000f5580000,0x00000000f8f00000)
  from space 57856K, 30% used [0x00000000fc780000,0x00000000fd8c6120,0x0000000100000000)
  to   space 57856K, 0% used [0x00000000f8f00000,0x00000000f8f00000,0x00000000fc780000)
 ParOldGen       total 244736K, used 235223K [0x00000000e0000000, 0x00000000eef00000, 0x00000000f5580000)
  object space 244736K, 96% used [0x00000000e0000000,0x00000000ee5b5e18,0x00000000eef00000)
 Metaspace       used 14171K, capacity 14272K, committed 14336K, reserved 1062912K
  class space    used 1239K, capacity 1272K, committed 1280K, reserved 1048576K
}
Event: 25,453 GC heap before
{Heap before GC invocations=27 (full 5):
 PSYoungGen      total 116736K, used 17688K [0x00000000f5580000, 0x0000000100000000, 0x0000000100000000)
  eden space 58880K, 0% used [0x00000000f5580000,0x00000000f5580000,0x00000000f8f00000)
  from space 57856K, 30% used [0x00000000fc780000,0x00000000fd8c6120,0x0000000100000000)
  to   space 57856K, 0% used [0x00000000f8f00000,0x00000000f8f00000,0x00000000fc780000)
 ParOldGen       total 244736K, used 235223K [0x00000000e0000000, 0x00000000eef00000, 0x00000000f5580000)
  object space 244736K, 96% used [0x00000000e0000000,0x00000000ee5b5e18,0x00000000eef00000)
 Metaspace       used 14171K, capacity 14272K, committed 14336K, reserved 1062912K
  class space    used 1239K, capacity 1272K, committed 1280K, reserved 1048576K

