# JRE version: Java(TM) SE Runtime Environment (8.0_25-b17) (build 1.8.0_25-b17)
# Java VM: Java HotSpot(TM) 64-Bit Server VM (25.25-b02 mixed mode linux-amd64 compressed oops)
Heap:
 PSYoungGen      total 126464K, used 0K [0x00000000f5580000, 0x0000000100000000, 0x0000000100000000)
  eden space 78336K, 0% used [0x00000000f5580000,0x00000000f5580000,0x00000000fa200000)
  from space 48128K, 0% used [0x00000000fa200000,0x00000000fa200000,0x00000000fd100000)
  to   space 45568K, 0% used [0x00000000fd380000,0x00000000fd380000,0x0000000100000000)
 ParOldGen       total 244224K, used 228823K [0x00000000e0000000, 0x00000000eee80000, 0x00000000f5580000)
  object space 244224K, 93% used [0x00000000e0000000,0x00000000edf75dc0,0x00000000eee80000)
 Metaspace       used 14199K, capacity 14320K, committed 14336K, reserved 1062912K
  class space    used 1242K, capacity 1272K, committed 1280K, reserved 1048576K
GC Heap History (10 events):
Event: 24,711 GC heap after
Heap after GC invocations=16 (full 2):
 PSYoungGen      total 134656K, used 16072K [0x00000000f5580000, 0x0000000100000000, 0x0000000100000000)
  eden space 93184K, 0% used [0x00000000f5580000,0x00000000f5580000,0x00000000fb080000)
  from space 41472K, 38% used [0x00000000fd780000,0x00000000fe7321d8,0x0000000100000000)
  to   space 39936K, 0% used [0x00000000fb080000,0x00000000fb080000,0x00000000fd780000)
 ParOldGen       total 171520K, used 151485K [0x00000000e0000000, 0x00000000ea780000, 0x00000000f5580000)
  object space 171520K, 88% used [0x00000000e0000000,0x00000000e93ef408,0x00000000ea780000)
 Metaspace       used 13890K, capacity 14064K, committed 14080K, reserved 1062912K
  class space    used 1236K, capacity 1272K, committed 1280K, reserved 1048576K
}
Event: 24,711 GC heap before
{Heap before GC invocations=17 (full 3):
 PSYoungGen      total 134656K, used 16072K [0x00000000f5580000, 0x0000000100000000, 0x0000000100000000)
  eden space 93184K, 0% used [0x00000000f5580000,0x00000000f5580000,0x00000000fb080000)
  from space 41472K, 38% used [0x00000000fd780000,0x00000000fe7321d8,0x0000000100000000)
  to   space 39936K, 0% used [0x00000000fb080000,0x00000000fb080000,0x00000000fd780000)
 ParOldGen       total 171520K, used 151485K [0x00000000e0000000, 0x00000000ea780000, 0x00000000f5580000)
  object space 171520K, 88% used [0x00000000e0000000,0x00000000e93ef408,0x00000000ea780000)
 Metaspace       used 13890K, capacity 14064K, committed 14080K, reserved 1062912K
  class space    used 1236K, capacity 1272K, committed 1280K, reserved 1048576K
Event: 26,603 GC heap after
Heap after GC invocations=17 (full 3):
 PSYoungGen      total 134656K, used 0K [0x00000000f5580000, 0x0000000100000000, 0x0000000100000000)
  eden space 93184K, 0% used [0x00000000f5580000,0x00000000f5580000,0x00000000fb080000)
  from space 41472K, 0% used [0x00000000fd780000,0x00000000fd780000,0x0000000100000000)
  to   space 39936K, 0% used [0x00000000fb080000,0x00000000fb080000,0x00000000fd780000)
 ParOldGen       total 244224K, used 162532K [0x00000000e0000000, 0x00000000eee80000, 0x00000000f5580000)
  object space 244224K, 66% used [0x00000000e0000000,0x00000000e9eb92f8,0x00000000eee80000)
 Metaspace       used 13890K, capacity 14064K, committed 14080K, reserved 1062912K
  class space    used 1236K, capacity 1272K, committed 1280K, reserved 1048576K
}
Event: 29,630 GC heap before
{Heap before GC invocations=18 (full 3):
 PSYoungGen      total 134656K, used 93184K [0x00000000f5580000, 0x0000000100000000, 0x0000000100000000)
  eden space 93184K, 100% used [0x00000000f5580000,0x00000000fb080000,0x00000000fb080000)
  from space 41472K, 0% used [0x00000000fd780000,0x00000000fd780000,0x0000000100000000)
  to   space 39936K, 0% used [0x00000000fb080000,0x00000000fb080000,0x00000000fd780000)
 ParOldGen       total 244224K, used 162532K [0x00000000e0000000, 0x00000000eee80000, 0x00000000f5580000)
  object space 244224K, 66% used [0x00000000e0000000,0x00000000e9eb92f8,0x00000000eee80000)
 Metaspace       used 14108K, capacity 14256K, committed 14336K, reserved 1062912K
  class space    used 1239K, capacity 1272K, committed 1280K, reserved 1048576K
Event: 29,736 GC heap after
Heap after GC invocations=18 (full 3):
 PSYoungGen      total 133120K, used 24949K [0x00000000f5580000, 0x00000000ffe80000, 0x0000000100000000)
  eden space 93184K, 0% used [0x00000000f5580000,0x00000000f5580000,0x00000000fb080000)
  from space 39936K, 62% used [0x00000000fb080000,0x00000000fc8dd710,0x00000000fd780000)
  to   space 39936K, 0% used [0x00000000fd780000,0x00000000fd780000,0x00000000ffe80000)
 ParOldGen       total 244224K, used 162532K [0x00000000e0000000, 0x00000000eee80000, 0x00000000f5580000)
  object space 244224K, 66% used [0x00000000e0000000,0x00000000e9eb92f8,0x00000000eee80000)
 Metaspace       used 14108K, capacity 14256K, committed 14336K, reserved 1062912K
  class space    used 1239K, capacity 1272K, committed 1280K, reserved 1048576K
}
Event: 31,597 GC heap before
{Heap before GC invocations=19 (full 3):
 PSYoungGen      total 133120K, used 118133K [0x00000000f5580000, 0x00000000ffe80000, 0x0000000100000000)
  eden space 93184K, 100% used [0x00000000f5580000,0x00000000fb080000,0x00000000fb080000)
  from space 39936K, 62% used [0x00000000fb080000,0x00000000fc8dd710,0x00000000fd780000)
  to   space 39936K, 0% used [0x00000000fd780000,0x00000000fd780000,0x00000000ffe80000)
 ParOldGen       total 244224K, used 162532K [0x00000000e0000000, 0x00000000eee80000, 0x00000000f5580000)
  object space 244224K, 66% used [0x00000000e0000000,0x00000000e9eb92f8,0x00000000eee80000)
 Metaspace       used 14183K, capacity 14320K, committed 14336K, reserved 1062912K
  class space    used 1242K, capacity 1272K, committed 1280K, reserved 1048576K
Event: 31,787 GC heap after
Heap after GC invocations=19 (full 3):
 PSYoungGen      total 118272K, used 39906K [0x00000000f5580000, 0x0000000100000000, 0x0000000100000000)
  eden space 78336K, 0% used [0x00000000f5580000,0x00000000f5580000,0x00000000fa200000)
  from space 39936K, 99% used [0x00000000fd780000,0x00000000ffe78a48,0x00000000ffe80000)
  to   space 48128K, 0% used [0x00000000fa200000,0x00000000fa200000,0x00000000fd100000)
 ParOldGen       total 244224K, used 169844K [0x00000000e0000000, 0x00000000eee80000, 0x00000000f5580000)
  object space 244224K, 69% used [0x00000000e0000000,0x00000000ea5dd330,0x00000000eee80000)
 Metaspace       used 14183K, capacity 14320K, committed 14336K, reserved 1062912K
  class space    used 1242K, capacity 1272K, committed 1280K, reserved 1048576K
}
Event: 32,821 GC heap before
{Heap before GC invocations=20 (full 3):
 PSYoungGen      total 118272K, used 118242K [0x00000000f5580000, 0x0000000100000000, 0x0000000100000000)
  eden space 78336K, 100% used [0x00000000f5580000,0x00000000fa200000,0x00000000fa200000)
  from space 39936K, 99% used [0x00000000fd780000,0x00000000ffe78a48,0x00000000ffe80000)
  to   space 48128K, 0% used [0x00000000fa200000,0x00000000fa200000,0x00000000fd100000)
 ParOldGen       total 244224K, used 169844K [0x00000000e0000000, 0x00000000eee80000, 0x00000000f5580000)
  object space 244224K, 69% used [0x00000000e0000000,0x00000000ea5dd330,0x00000000eee80000)
 Metaspace       used 14199K, capacity 14320K, committed 14336K, reserved 1062912K
  class space    used 1242K, capacity 1272K, committed 1280K, reserved 1048576K
Event: 33,004 GC heap after
Heap after GC invocations=20 (full 3):
 PSYoungGen      total 126464K, used 21814K [0x00000000f5580000, 0x0000000100000000, 0x0000000100000000)
  eden space 78336K, 0% used [0x00000000f5580000,0x00000000f5580000,0x00000000fa200000)
  from space 48128K, 45% used [0x00000000fa200000,0x00000000fb74d810,0x00000000fd100000)
  to   space 45568K, 0% used [0x00000000fd380000,0x00000000fd380000,0x0000000100000000)
 ParOldGen       total 244224K, used 212627K [0x00000000e0000000, 0x00000000eee80000, 0x00000000f5580000)
  object space 244224K, 87% used [0x00000000e0000000,0x00000000ecfa4f20,0x00000000eee80000)
 Metaspace       used 14199K, capacity 14320K, committed 14336K, reserved 1062912K
  class space    used 1242K, capacity 1272K, committed 1280K, reserved 1048576K
}
Event: 33,004 GC heap before
{Heap before GC invocations=21 (full 4):
 PSYoungGen      total 126464K, used 21814K [0x00000000f5580000, 0x0000000100000000, 0x0000000100000000)
  eden space 78336K, 0% used [0x00000000f5580000,0x00000000f5580000,0x00000000fa200000)
  from space 48128K, 45% used [0x00000000fa200000,0x00000000fb74d810,0x00000000fd100000)
  to   space 45568K, 0% used [0x00000000fd380000,0x00000000fd380000,0x0000000100000000)
 ParOldGen       total 244224K, used 212627K [0x00000000e0000000, 0x00000000eee80000, 0x00000000f5580000)
  object space 244224K, 87% used [0x00000000e0000000,0x00000000ecfa4f20,0x00000000eee80000)
 Metaspace       used 14199K, capacity 14320K, committed 14336K, reserved 1062912K
  class space    used 1242K, capacity 1272K, committed 1280K, reserved 1048576K

