# JRE version: Java(TM) SE Runtime Environment (8.0_31-b13) (build 1.8.0_31-b13)
# Java VM: Java HotSpot(TM) 64-Bit Server VM (25.31-b07 mixed mode linux-amd64 compressed oops)
Heap:
 PSYoungGen      total 125952K, used 2678K [0x00000000f5580000, 0x0000000100000000, 0x0000000100000000)
  eden space 77312K, 0% used [0x00000000f5580000,0x00000000f5580000,0x00000000fa100000)
  from space 48640K, 5% used [0x00000000fa100000,0x00000000fa39d958,0x00000000fd080000)
  to   space 46592K, 0% used [0x00000000fd280000,0x00000000fd280000,0x0000000100000000)
 ParOldGen       total 231936K, used 231701K [0x00000000e0000000, 0x00000000ee280000, 0x00000000f5580000)
  object space 231936K, 99% used [0x00000000e0000000,0x00000000ee2454f0,0x00000000ee280000)
 Metaspace       used 14719K, capacity 14844K, committed 14976K, reserved 1062912K
  class space    used 1319K, capacity 1336K, committed 1408K, reserved 1048576K
GC Heap History (10 events):
Event: 21,180 GC heap after
Heap after GC invocations=19 (full 3):
 PSYoungGen      total 124928K, used 22201K [0x00000000f5580000, 0x0000000100000000, 0x0000000100000000)
  eden space 92672K, 0% used [0x00000000f5580000,0x00000000f5580000,0x00000000fb000000)
  from space 32256K, 68% used [0x00000000fe080000,0x00000000ff62e728,0x0000000100000000)
  to   space 40960K, 0% used [0x00000000fb000000,0x00000000fb000000,0x00000000fd800000)
 ParOldGen       total 157696K, used 151592K [0x00000000e0000000, 0x00000000e9a00000, 0x00000000f5580000)
  object space 157696K, 96% used [0x00000000e0000000,0x00000000e940a2e8,0x00000000e9a00000)
 Metaspace       used 14561K, capacity 14716K, committed 14976K, reserved 1062912K
  class space    used 1317K, capacity 1336K, committed 1408K, reserved 1048576K
}
Event: 21,180 GC heap before
{Heap before GC invocations=20 (full 4):
 PSYoungGen      total 124928K, used 22201K [0x00000000f5580000, 0x0000000100000000, 0x0000000100000000)
  eden space 92672K, 0% used [0x00000000f5580000,0x00000000f5580000,0x00000000fb000000)
  from space 32256K, 68% used [0x00000000fe080000,0x00000000ff62e728,0x0000000100000000)
  to   space 40960K, 0% used [0x00000000fb000000,0x00000000fb000000,0x00000000fd800000)
 ParOldGen       total 157696K, used 151592K [0x00000000e0000000, 0x00000000e9a00000, 0x00000000f5580000)
  object space 157696K, 96% used [0x00000000e0000000,0x00000000e940a2e8,0x00000000e9a00000)
 Metaspace       used 14561K, capacity 14716K, committed 14976K, reserved 1062912K
  class space    used 1317K, capacity 1336K, committed 1408K, reserved 1048576K
Event: 22,066 GC heap after
Heap after GC invocations=20 (full 4):
 PSYoungGen      total 124928K, used 10512K [0x00000000f5580000, 0x0000000100000000, 0x0000000100000000)
  eden space 92672K, 0% used [0x00000000f5580000,0x00000000f5580000,0x00000000fb000000)
  from space 32256K, 32% used [0x00000000fe080000,0x00000000feac4328,0x0000000100000000)
  to   space 40960K, 0% used [0x00000000fb000000,0x00000000fb000000,0x00000000fd800000)
 ParOldGen       total 231936K, used 157609K [0x00000000e0000000, 0x00000000ee280000, 0x00000000f5580000)
  object space 231936K, 67% used [0x00000000e0000000,0x00000000e99ea668,0x00000000ee280000)
 Metaspace       used 14561K, capacity 14716K, committed 14976K, reserved 1062912K
  class space    used 1317K, capacity 1336K, committed 1408K, reserved 1048576K
}
Event: 22,855 GC heap before
{Heap before GC invocations=21 (full 4):
 PSYoungGen      total 124928K, used 103184K [0x00000000f5580000, 0x0000000100000000, 0x0000000100000000)
  eden space 92672K, 100% used [0x00000000f5580000,0x00000000fb000000,0x00000000fb000000)
  from space 32256K, 32% used [0x00000000fe080000,0x00000000feac4328,0x0000000100000000)
  to   space 40960K, 0% used [0x00000000fb000000,0x00000000fb000000,0x00000000fd800000)
 ParOldGen       total 231936K, used 157609K [0x00000000e0000000, 0x00000000ee280000, 0x00000000f5580000)
  object space 231936K, 67% used [0x00000000e0000000,0x00000000e99ea668,0x00000000ee280000)
 Metaspace       used 14649K, capacity 14780K, committed 14976K, reserved 1062912K
  class space    used 1319K, capacity 1336K, committed 1408K, reserved 1048576K
Event: 22,989 GC heap after
Heap after GC invocations=21 (full 4):
 PSYoungGen      total 133632K, used 21644K [0x00000000f5580000, 0x0000000100000000, 0x0000000100000000)
  eden space 92672K, 0% used [0x00000000f5580000,0x00000000f5580000,0x00000000fb000000)
  from space 40960K, 52% used [0x00000000fb000000,0x00000000fc523308,0x00000000fd800000)
  to   space 40448K, 0% used [0x00000000fd880000,0x00000000fd880000,0x0000000100000000)
 ParOldGen       total 231936K, used 169483K [0x00000000e0000000, 0x00000000ee280000, 0x00000000f5580000)
  object space 231936K, 73% used [0x00000000e0000000,0x00000000ea582d48,0x00000000ee280000)
 Metaspace       used 14649K, capacity 14780K, committed 14976K, reserved 1062912K
  class space    used 1319K, capacity 1336K, committed 1408K, reserved 1048576K
}
Event: 23,739 GC heap before
{Heap before GC invocations=22 (full 4):
 PSYoungGen      total 133632K, used 114316K [0x00000000f5580000, 0x0000000100000000, 0x0000000100000000)
  eden space 92672K, 100% used [0x00000000f5580000,0x00000000fb000000,0x00000000fb000000)
  from space 40960K, 52% used [0x00000000fb000000,0x00000000fc523308,0x00000000fd800000)
  to   space 40448K, 0% used [0x00000000fd880000,0x00000000fd880000,0x0000000100000000)
 ParOldGen       total 231936K, used 169483K [0x00000000e0000000, 0x00000000ee280000, 0x00000000f5580000)
  object space 231936K, 73% used [0x00000000e0000000,0x00000000ea582d48,0x00000000ee280000)
 Metaspace       used 14700K, capacity 14844K, committed 14976K, reserved 1062912K
  class space    used 1319K, capacity 1336K, committed 1408K, reserved 1048576K
Event: 23,851 GC heap after
Heap after GC invocations=22 (full 4):
 PSYoungGen      total 117760K, used 40438K [0x00000000f5580000, 0x0000000100000000, 0x0000000100000000)
  eden space 77312K, 0% used [0x00000000f5580000,0x00000000f5580000,0x00000000fa100000)
  from space 40448K, 99% used [0x00000000fd880000,0x00000000ffffd988,0x0000000100000000)
  to   space 48640K, 0% used [0x00000000fa100000,0x00000000fa100000,0x00000000fd080000)
 ParOldGen       total 231936K, used 174976K [0x00000000e0000000, 0x00000000ee280000, 0x00000000f5580000)
  object space 231936K, 75% used [0x00000000e0000000,0x00000000eaae00d8,0x00000000ee280000)
 Metaspace       used 14700K, capacity 14844K, committed 14976K, reserved 1062912K
  class space    used 1319K, capacity 1336K, committed 1408K, reserved 1048576K
}
Event: 24,615 GC heap before
{Heap before GC invocations=23 (full 4):
 PSYoungGen      total 117760K, used 117750K [0x00000000f5580000, 0x0000000100000000, 0x0000000100000000)
  eden space 77312K, 100% used [0x00000000f5580000,0x00000000fa100000,0x00000000fa100000)
  from space 40448K, 99% used [0x00000000fd880000,0x00000000ffffd988,0x0000000100000000)
  to   space 48640K, 0% used [0x00000000fa100000,0x00000000fa100000,0x00000000fd080000)
 ParOldGen       total 231936K, used 174976K [0x00000000e0000000, 0x00000000ee280000, 0x00000000f5580000)
  object space 231936K, 75% used [0x00000000e0000000,0x00000000eaae00d8,0x00000000ee280000)
 Metaspace       used 14719K, capacity 14844K, committed 14976K, reserved 1062912K
  class space    used 1319K, capacity 1336K, committed 1408K, reserved 1048576K
Event: 25,438 GC heap after
Heap after GC invocations=23 (full 4):
 PSYoungGen      total 125952K, used 23305K [0x00000000f5580000, 0x0000000100000000, 0x0000000100000000)
  eden space 77312K, 0% used [0x00000000f5580000,0x00000000f5580000,0x00000000fa100000)
  from space 48640K, 47% used [0x00000000fa100000,0x00000000fb7c27e8,0x00000000fd080000)
  to   space 46592K, 0% used [0x00000000fd280000,0x00000000fd280000,0x0000000100000000)
 ParOldGen       total 231936K, used 218502K [0x00000000e0000000, 0x00000000ee280000, 0x00000000f5580000)
  object space 231936K, 94% used [0x00000000e0000000,0x00000000ed5618f0,0x00000000ee280000)
 Metaspace       used 14719K, capacity 14844K, committed 14976K, reserved 1062912K
  class space    used 1319K, capacity 1336K, committed 1408K, reserved 1048576K
}
Event: 25,523 GC heap before
{Heap before GC invocations=24 (full 5):
 PSYoungGen      total 125952K, used 23305K [0x00000000f5580000, 0x0000000100000000, 0x0000000100000000)
  eden space 77312K, 0% used [0x00000000f5580000,0x00000000f5580000,0x00000000fa100000)
  from space 48640K, 47% used [0x00000000fa100000,0x00000000fb7c27e8,0x00000000fd080000)
  to   space 46592K, 0% used [0x00000000fd280000,0x00000000fd280000,0x0000000100000000)
 ParOldGen       total 231936K, used 218502K [0x00000000e0000000, 0x00000000ee280000, 0x00000000f5580000)
  object space 231936K, 94% used [0x00000000e0000000,0x00000000ed5618f0,0x00000000ee280000)
 Metaspace       used 14719K, capacity 14844K, committed 14976K, reserved 1062912K
  class space    used 1319K, capacity 1336K, committed 1408K, reserved 1048576K

